2017-04-09 20:06:48,411 [ModalContext] INFO  o.e.m.c.i.e.AbstractTransferListenerAdapter - Downloading https://repo.maven.apache.org/maven2/org/apache/maven/archetypes/maven-archetype-quickstart/1.1/maven-archetype-quickstart-1.1.jar
2017-04-09 20:06:48,648 [ModalContext] INFO  o.e.m.c.i.e.AbstractTransferListenerAdapter - Downloaded https://repo.maven.apache.org/maven2/org/apache/maven/archetypes/maven-archetype-quickstart/1.1/maven-archetype-quickstart-1.1.jar
2017-04-09 20:06:48,867 [ModalContext] INFO  o.e.m.c.i.e.AbstractTransferListenerAdapter - Downloading https://repo.maven.apache.org/maven2/org/apache/maven/archetypes/maven-archetype-quickstart/1.1/maven-archetype-quickstart-1.1.pom
2017-04-09 20:06:49,078 [ModalContext] INFO  o.e.m.c.i.e.AbstractTransferListenerAdapter - Downloaded https://repo.maven.apache.org/maven2/org/apache/maven/archetypes/maven-archetype-quickstart/1.1/maven-archetype-quickstart-1.1.pom
2017-04-09 20:07:38,975 [Worker-11] INFO  o.e.m.c.i.p.ProjectConfigurationManager - Collecting project info '/pom.xml' C:\Users\thiag\workspace\e-agrarius_web\e-agrarius_web\pom.xml
2017-04-09 20:07:41,664 [Worker-11] INFO  o.e.m.c.i.l.LifecycleMappingFactory - Using org.maven.ide.eclipse.wtp.WarLifecycleMapping lifecycle mapping for MavenProject: com.thiagobrasil.eagrariusweb:e-agrarius_web:0.0.1-SNAPSHOT @ C:\Users\thiag\workspace\e-agrarius_web\e-agrarius_web\pom.xml.
2017-04-09 20:07:43,479 [Worker-11] INFO  o.e.m.j.i.AbstractJavaProjectConfigurator - Adding source folder /e-agrarius_web/src/main/java
2017-04-09 20:07:43,480 [Worker-11] INFO  o.e.m.j.i.AbstractJavaProjectConfigurator - Adding resource folder /e-agrarius_web/src/main/resources
2017-04-09 20:07:43,481 [Worker-11] INFO  o.e.m.j.i.AbstractJavaProjectConfigurator - Adding source folder /e-agrarius_web/src/test/java
2017-04-09 20:07:48,647 [Worker-11] INFO  o.e.m.c.i.p.ProjectConfigurationManager - Imported and configured 1 project(s) in 9 sec
2017-04-09 20:07:50,362 [Worker-9] WARN  o.e.m.c.i.embedder.EclipseLogger - Using platform encoding (Cp1252 actually) to copy filtered resources, i.e. build is platform dependent!
2017-04-09 20:07:50,414 [Worker-9] INFO  o.e.m.c.i.embedder.EclipseLogger - Copying 0 resource
2017-04-09 20:07:50,448 [Worker-9] WARN  o.e.m.c.i.embedder.EclipseLogger - Using platform encoding (Cp1252 actually) to copy filtered resources, i.e. build is platform dependent!
2017-04-09 20:07:50,450 [Worker-9] INFO  o.e.m.c.i.embedder.EclipseLogger - skip non existing resourceDirectory C:\Users\thiag\workspace\e-agrarius_web\e-agrarius_web\src\test\resources
2017-04-09 20:10:06,508 [Worker-11] WARN  o.e.m.c.i.embedder.EclipseLogger - Using platform encoding (Cp1252 actually) to copy filtered resources, i.e. build is platform dependent!
2017-04-09 20:10:06,513 [Worker-11] INFO  o.e.m.c.i.embedder.EclipseLogger - Copying 0 resource
2017-04-09 20:10:06,517 [Worker-11] WARN  o.e.m.c.i.embedder.EclipseLogger - Using platform encoding (Cp1252 actually) to copy filtered resources, i.e. build is platform dependent!
2017-04-09 20:10:06,519 [Worker-11] INFO  o.e.m.c.i.embedder.EclipseLogger - skip non existing resourceDirectory C:\Users\thiag\workspace\e-agrarius_web\e-agrarius_web\src\test\resources
2017-04-09 20:10:34,211 [Worker-13] INFO  o.e.m.c.i.l.LifecycleMappingFactory - Using org.maven.ide.eclipse.wtp.WarLifecycleMapping lifecycle mapping for MavenProject: com.tutorialacademy.rest:helloworld:0.0.1-SNAPSHOT @ C:\Users\thiag\workspace\e-agrarius_web\e-agrarius_web\pom.xml.
2017-04-09 20:10:35,740 [Worker-13] INFO  o.e.m.c.i.embedder.EclipseLogger - Using 'UTF-8' encoding to copy filtered resources.
2017-04-09 20:10:35,748 [Worker-13] INFO  o.e.m.c.i.embedder.EclipseLogger - Copying 0 resource
2017-04-09 20:10:35,752 [Worker-13] INFO  o.e.m.c.i.embedder.EclipseLogger - Using 'UTF-8' encoding to copy filtered resources.
2017-04-09 20:10:35,755 [Worker-13] INFO  o.e.m.c.i.embedder.EclipseLogger - skip non existing resourceDirectory C:\Users\thiag\workspace\e-agrarius_web\e-agrarius_web\src\test\resources
2017-04-09 20:10:35,756 [Worker-13] INFO  o.e.m.w.i.f.ResourceFilteringBuildParticipant - Changed resources require a complete clean of filtered resources of e-agrarius_web
2017-04-09 20:10:35,758 [Worker-13] INFO  o.e.m.w.i.f.ResourceFilteringBuildParticipant - Executing resource filtering for e-agrarius_web
2017-04-09 20:10:35,774 [Worker-13] INFO  o.e.m.c.i.embedder.EclipseLogger - Using 'UTF-8' encoding to copy filtered resources.
2017-04-09 20:10:36,977 [Worker-0] INFO  o.e.m.c.i.embedder.EclipseLogger - Using 'UTF-8' encoding to copy filtered resources.
2017-04-09 20:10:36,978 [Worker-0] INFO  o.e.m.c.i.embedder.EclipseLogger - Copying 0 resource
2017-04-09 20:10:36,981 [Worker-0] INFO  o.e.m.c.i.embedder.EclipseLogger - Using 'UTF-8' encoding to copy filtered resources.
2017-04-09 20:10:36,986 [Worker-0] INFO  o.e.m.c.i.embedder.EclipseLogger - skip non existing resourceDirectory C:\Users\thiag\workspace\e-agrarius_web\e-agrarius_web\src\test\resources
2017-04-09 20:10:48,809 [Worker-1] INFO  o.e.m.c.i.l.LifecycleMappingFactory - Using org.maven.ide.eclipse.wtp.WarLifecycleMapping lifecycle mapping for MavenProject: com.tutorialacademy.rest:e-agrarius_web:0.0.1-SNAPSHOT @ C:\Users\thiag\workspace\e-agrarius_web\e-agrarius_web\pom.xml.
2017-04-09 20:10:50,158 [Worker-1] INFO  o.e.m.c.i.embedder.EclipseLogger - Using 'UTF-8' encoding to copy filtered resources.
2017-04-09 20:10:50,161 [Worker-1] INFO  o.e.m.c.i.embedder.EclipseLogger - Copying 0 resource
2017-04-09 20:10:50,165 [Worker-1] INFO  o.e.m.c.i.embedder.EclipseLogger - Using 'UTF-8' encoding to copy filtered resources.
2017-04-09 20:10:50,166 [Worker-1] INFO  o.e.m.c.i.embedder.EclipseLogger - skip non existing resourceDirectory C:\Users\thiag\workspace\e-agrarius_web\e-agrarius_web\src\test\resources
2017-04-09 20:10:50,167 [Worker-1] INFO  o.e.m.w.i.f.ResourceFilteringBuildParticipant - Changed resources require a complete clean of filtered resources of e-agrarius_web
2017-04-09 20:10:50,167 [Worker-1] INFO  o.e.m.w.i.f.ResourceFilteringBuildParticipant - Executing resource filtering for e-agrarius_web
2017-04-09 20:10:50,176 [Worker-1] INFO  o.e.m.c.i.embedder.EclipseLogger - Using 'UTF-8' encoding to copy filtered resources.
2017-04-09 20:11:19,172 [Worker-18] INFO  o.e.m.c.i.l.LifecycleMappingFactory - Using org.maven.ide.eclipse.wtp.WarLifecycleMapping lifecycle mapping for MavenProject: com.thiagobrasil.eagrariusweb:e-agrarius_web:0.0.1-SNAPSHOT @ C:\Users\thiag\workspace\e-agrarius_web\e-agrarius_web\pom.xml.
2017-04-09 20:11:20,242 [Worker-18] INFO  o.e.m.c.i.embedder.EclipseLogger - Using 'UTF-8' encoding to copy filtered resources.
2017-04-09 20:11:20,246 [Worker-18] INFO  o.e.m.c.i.embedder.EclipseLogger - Copying 0 resource
2017-04-09 20:11:20,249 [Worker-18] INFO  o.e.m.c.i.embedder.EclipseLogger - Using 'UTF-8' encoding to copy filtered resources.
2017-04-09 20:11:20,249 [Worker-18] INFO  o.e.m.c.i.embedder.EclipseLogger - skip non existing resourceDirectory C:\Users\thiag\workspace\e-agrarius_web\e-agrarius_web\src\test\resources
2017-04-09 20:11:20,250 [Worker-18] INFO  o.e.m.w.i.f.ResourceFilteringBuildParticipant - Changed resources require a complete clean of filtered resources of e-agrarius_web
2017-04-09 20:11:20,250 [Worker-18] INFO  o.e.m.w.i.f.ResourceFilteringBuildParticipant - Executing resource filtering for e-agrarius_web
2017-04-09 20:11:20,258 [Worker-18] INFO  o.e.m.c.i.embedder.EclipseLogger - Using 'UTF-8' encoding to copy filtered resources.
2017-04-09 20:12:17,601 [Worker-0] INFO  o.e.m.c.i.embedder.EclipseLogger - Using 'UTF-8' encoding to copy filtered resources.
2017-04-09 20:12:17,601 [Worker-0] INFO  o.e.m.c.i.embedder.EclipseLogger - Copying 0 resource
2017-04-09 20:12:17,604 [Worker-0] INFO  o.e.m.c.i.embedder.EclipseLogger - Using 'UTF-8' encoding to copy filtered resources.
2017-04-09 20:12:17,604 [Worker-0] INFO  o.e.m.c.i.embedder.EclipseLogger - skip non existing resourceDirectory C:\Users\thiag\workspace\e-agrarius_web\e-agrarius_web\src\test\resources
2017-04-09 20:13:10,754 [Worker-1] INFO  o.e.m.c.i.embedder.EclipseLogger - Using 'UTF-8' encoding to copy filtered resources.
2017-04-09 20:13:10,755 [Worker-1] INFO  o.e.m.c.i.embedder.EclipseLogger - Copying 0 resource
2017-04-09 20:13:10,758 [Worker-1] INFO  o.e.m.c.i.embedder.EclipseLogger - Using 'UTF-8' encoding to copy filtered resources.
2017-04-09 20:13:10,759 [Worker-1] INFO  o.e.m.c.i.embedder.EclipseLogger - skip non existing resourceDirectory C:\Users\thiag\workspace\e-agrarius_web\e-agrarius_web\src\test\resources
2017-04-09 20:13:14,291 [Worker-12] INFO  o.e.m.c.i.embedder.EclipseLogger - Using 'UTF-8' encoding to copy filtered resources.
2017-04-09 20:13:14,291 [Worker-12] INFO  o.e.m.c.i.embedder.EclipseLogger - Copying 0 resource
2017-04-09 20:13:14,296 [Worker-12] INFO  o.e.m.c.i.embedder.EclipseLogger - Using 'UTF-8' encoding to copy filtered resources.
2017-04-09 20:13:14,297 [Worker-12] INFO  o.e.m.c.i.embedder.EclipseLogger - skip non existing resourceDirectory C:\Users\thiag\workspace\e-agrarius_web\e-agrarius_web\src\test\resources
2017-04-09 20:13:40,453 [Worker-5] INFO  o.e.m.c.i.embedder.EclipseLogger - Using 'UTF-8' encoding to copy filtered resources.
2017-04-09 20:13:40,463 [Worker-5] INFO  o.e.m.c.i.embedder.EclipseLogger - Copying 0 resource
2017-04-09 20:13:40,466 [Worker-5] INFO  o.e.m.c.i.embedder.EclipseLogger - Using 'UTF-8' encoding to copy filtered resources.
2017-04-09 20:13:40,466 [Worker-5] INFO  o.e.m.c.i.embedder.EclipseLogger - skip non existing resourceDirectory C:\Users\thiag\workspace\e-agrarius_web\e-agrarius_web\src\test\resources
2017-04-09 20:14:09,442 [Worker-1] INFO  o.e.m.c.i.embedder.EclipseLogger - Using 'UTF-8' encoding to copy filtered resources.
2017-04-09 20:14:09,443 [Worker-1] INFO  o.e.m.c.i.embedder.EclipseLogger - Copying 0 resource
2017-04-09 20:14:09,445 [Worker-1] INFO  o.e.m.c.i.embedder.EclipseLogger - Using 'UTF-8' encoding to copy filtered resources.
2017-04-09 20:14:09,446 [Worker-1] INFO  o.e.m.c.i.embedder.EclipseLogger - skip non existing resourceDirectory C:\Users\thiag\workspace\e-agrarius_web\e-agrarius_web\src\test\resources
2017-04-09 20:14:10,562 [Worker-18] INFO  o.e.m.c.i.embedder.EclipseLogger - Using 'UTF-8' encoding to copy filtered resources.
2017-04-09 20:14:10,563 [Worker-18] INFO  o.e.m.c.i.embedder.EclipseLogger - Copying 0 resource
2017-04-09 20:14:10,567 [Worker-18] INFO  o.e.m.c.i.embedder.EclipseLogger - Using 'UTF-8' encoding to copy filtered resources.
2017-04-09 20:14:10,567 [Worker-18] INFO  o.e.m.c.i.embedder.EclipseLogger - skip non existing resourceDirectory C:\Users\thiag\workspace\e-agrarius_web\e-agrarius_web\src\test\resources
2017-04-09 20:14:49,871 [Worker-1] INFO  o.e.m.c.i.embedder.EclipseLogger - Using 'UTF-8' encoding to copy filtered resources.
2017-04-09 20:14:49,875 [Worker-1] INFO  o.e.m.c.i.embedder.EclipseLogger - Copying 0 resource
2017-04-09 20:14:49,884 [Worker-1] INFO  o.e.m.c.i.embedder.EclipseLogger - Using 'UTF-8' encoding to copy filtered resources.
2017-04-09 20:14:49,885 [Worker-1] INFO  o.e.m.c.i.embedder.EclipseLogger - skip non existing resourceDirectory C:\Users\thiag\workspace\e-agrarius_web\e-agrarius_web\src\test\resources
2017-04-09 20:15:04,258 [Worker-1] INFO  o.e.m.c.i.embedder.EclipseLogger - Using 'UTF-8' encoding to copy filtered resources.
2017-04-09 20:15:04,259 [Worker-1] INFO  o.e.m.c.i.embedder.EclipseLogger - Copying 0 resource
2017-04-09 20:15:04,261 [Worker-1] INFO  o.e.m.c.i.embedder.EclipseLogger - Using 'UTF-8' encoding to copy filtered resources.
2017-04-09 20:15:04,262 [Worker-1] INFO  o.e.m.c.i.embedder.EclipseLogger - skip non existing resourceDirectory C:\Users\thiag\workspace\e-agrarius_web\e-agrarius_web\src\test\resources
2017-04-09 20:15:35,915 [Worker-10] INFO  o.e.m.c.i.embedder.EclipseLogger - Using 'UTF-8' encoding to copy filtered resources.
2017-04-09 20:15:35,916 [Worker-10] INFO  o.e.m.c.i.embedder.EclipseLogger - Copying 0 resource
2017-04-09 20:15:35,921 [Worker-10] INFO  o.e.m.c.i.embedder.EclipseLogger - Using 'UTF-8' encoding to copy filtered resources.
2017-04-09 20:15:35,922 [Worker-10] INFO  o.e.m.c.i.embedder.EclipseLogger - skip non existing resourceDirectory C:\Users\thiag\workspace\e-agrarius_web\e-agrarius_web\src\test\resources
2017-04-09 20:15:44,085 [Worker-0] INFO  o.e.m.c.i.embedder.EclipseLogger - Using 'UTF-8' encoding to copy filtered resources.
2017-04-09 20:15:44,086 [Worker-0] INFO  o.e.m.c.i.embedder.EclipseLogger - Copying 0 resource
2017-04-09 20:15:44,091 [Worker-0] INFO  o.e.m.c.i.embedder.EclipseLogger - Using 'UTF-8' encoding to copy filtered resources.
2017-04-09 20:15:44,092 [Worker-0] INFO  o.e.m.c.i.embedder.EclipseLogger - skip non existing resourceDirectory C:\Users\thiag\workspace\e-agrarius_web\e-agrarius_web\src\test\resources
2017-04-09 20:16:00,515 [Worker-12] INFO  o.e.m.c.i.p.ProjectConfigurationManager - Update started
2017-04-09 20:16:01,180 [Worker-12] INFO  o.e.m.c.i.l.LifecycleMappingFactory - Using org.maven.ide.eclipse.wtp.WarLifecycleMapping lifecycle mapping for MavenProject: com.thiagobrasil.eagrariusweb:e-agrarius_web:0.0.1-SNAPSHOT @ C:\Users\thiag\workspace\e-agrarius_web\e-agrarius_web\pom.xml.
2017-04-09 20:16:02,236 [Worker-12] INFO  o.e.m.j.i.AbstractJavaProjectConfigurator - Adding source folder /e-agrarius_web/src/main/java
2017-04-09 20:16:02,237 [Worker-12] INFO  o.e.m.j.i.AbstractJavaProjectConfigurator - Adding resource folder /e-agrarius_web/src/main/resources
2017-04-09 20:16:02,256 [Worker-12] INFO  o.e.m.j.i.AbstractJavaProjectConfigurator - Adding source folder /e-agrarius_web/src/test/java
2017-04-09 20:16:03,219 [Worker-12] INFO  o.e.m.w.i.f.ResourceFilteringBuildParticipant - Cleaning filtered folder for e-agrarius_web
2017-04-09 20:16:03,251 [Worker-12] INFO  o.e.m.c.i.p.ProjectConfigurationManager - Update completed: 2 sec
2017-04-09 20:16:03,564 [Worker-13] INFO  o.e.m.c.i.embedder.EclipseLogger - Using 'UTF-8' encoding to copy filtered resources.
2017-04-09 20:16:03,566 [Worker-13] INFO  o.e.m.c.i.embedder.EclipseLogger - Copying 0 resource
2017-04-09 20:16:03,601 [Worker-13] INFO  o.e.m.c.i.embedder.EclipseLogger - Using 'UTF-8' encoding to copy filtered resources.
2017-04-09 20:16:03,602 [Worker-13] INFO  o.e.m.c.i.embedder.EclipseLogger - skip non existing resourceDirectory C:\Users\thiag\workspace\e-agrarius_web\e-agrarius_web\src\test\resources
2017-04-09 20:16:03,602 [Worker-13] INFO  o.e.m.w.i.f.ResourceFilteringBuildParticipant - Changed resources require a complete clean of filtered resources of e-agrarius_web
2017-04-09 20:16:03,602 [Worker-13] INFO  o.e.m.w.i.f.ResourceFilteringBuildParticipant - Executing resource filtering for e-agrarius_web
2017-04-09 20:16:03,610 [Worker-13] INFO  o.e.m.c.i.embedder.EclipseLogger - Using 'UTF-8' encoding to copy filtered resources.
2017-04-09 20:16:43,253 [Worker-12] INFO  o.e.m.c.i.embedder.EclipseLogger - Using 'UTF-8' encoding to copy filtered resources.
2017-04-09 20:16:43,256 [Worker-12] INFO  o.e.m.c.i.embedder.EclipseLogger - Copying 0 resource
2017-04-09 20:16:43,258 [Worker-12] INFO  o.e.m.c.i.embedder.EclipseLogger - Using 'UTF-8' encoding to copy filtered resources.
2017-04-09 20:16:43,258 [Worker-12] INFO  o.e.m.c.i.embedder.EclipseLogger - skip non existing resourceDirectory C:\Users\thiag\workspace\e-agrarius_web\e-agrarius_web\src\test\resources
2017-04-09 20:17:00,567 [main] INFO  o.e.m2e.actions.ExecutePomAction - Creating new launch configuration
2017-04-09 20:17:08,971 [Worker-10] INFO  o.e.m.i.launch.MavenLaunchDelegate - C:\Users\thiag\workspace\e-agrarius_web\e-agrarius_web
2017-04-09 20:17:08,972 [Worker-10] INFO  o.e.m.i.launch.MavenLaunchDelegate -  mvn -B ola mundo
2017-04-09 20:19:29,102 [Worker-5] INFO  o.e.m.c.i.embedder.EclipseLogger - Using 'UTF-8' encoding to copy filtered resources.
2017-04-09 20:19:29,103 [Worker-5] INFO  o.e.m.c.i.embedder.EclipseLogger - Copying 0 resource
2017-04-09 20:19:29,105 [Worker-5] INFO  o.e.m.c.i.embedder.EclipseLogger - Using 'UTF-8' encoding to copy filtered resources.
2017-04-09 20:19:29,105 [Worker-5] INFO  o.e.m.c.i.embedder.EclipseLogger - skip non existing resourceDirectory C:\Users\thiag\workspace\e-agrarius_web\e-agrarius_web\src\test\resources
2017-04-09 20:19:50,036 [Worker-5] INFO  o.e.m.c.i.embedder.EclipseLogger - Using 'UTF-8' encoding to copy filtered resources.
2017-04-09 20:19:50,038 [Worker-5] INFO  o.e.m.c.i.embedder.EclipseLogger - Copying 0 resource
2017-04-09 20:19:50,040 [Worker-5] INFO  o.e.m.c.i.embedder.EclipseLogger - Using 'UTF-8' encoding to copy filtered resources.
2017-04-09 20:19:50,040 [Worker-5] INFO  o.e.m.c.i.embedder.EclipseLogger - skip non existing resourceDirectory C:\Users\thiag\workspace\e-agrarius_web\e-agrarius_web\src\test\resources
2017-04-09 20:20:00,989 [Worker-19] INFO  o.e.m.c.i.embedder.EclipseLogger - Using 'UTF-8' encoding to copy filtered resources.
2017-04-09 20:20:00,990 [Worker-19] INFO  o.e.m.c.i.embedder.EclipseLogger - Copying 0 resource
2017-04-09 20:20:00,992 [Worker-19] INFO  o.e.m.c.i.embedder.EclipseLogger - Using 'UTF-8' encoding to copy filtered resources.
2017-04-09 20:20:00,993 [Worker-19] INFO  o.e.m.c.i.embedder.EclipseLogger - skip non existing resourceDirectory C:\Users\thiag\workspace\e-agrarius_web\e-agrarius_web\src\test\resources
2017-04-09 20:20:27,652 [main] INFO  o.e.m2e.actions.ExecutePomAction - Creating new launch configuration
2017-04-09 20:20:34,144 [Worker-5] INFO  o.e.m.i.launch.MavenLaunchDelegate - C:\Users\thiag\workspace\e-agrarius_web\e-agrarius_web
2017-04-09 20:20:34,145 [Worker-5] INFO  o.e.m.i.launch.MavenLaunchDelegate -  mvn -B clean install
2017-04-09 20:21:50,451 [Worker-1] INFO  o.e.m.c.i.p.ProjectConfigurationManager - Update started
2017-04-09 20:21:51,053 [Worker-1] INFO  o.e.m.c.i.l.LifecycleMappingFactory - Using org.maven.ide.eclipse.wtp.WarLifecycleMapping lifecycle mapping for MavenProject: com.thiagobrasil.eagrariusweb:e-agrarius_web:0.0.1-SNAPSHOT @ C:\Users\thiag\workspace\e-agrarius_web\e-agrarius_web\pom.xml.
2017-04-09 20:21:52,141 [Worker-1] INFO  o.e.m.j.i.AbstractJavaProjectConfigurator - Adding source folder /e-agrarius_web/src/main/java
2017-04-09 20:21:52,142 [Worker-1] INFO  o.e.m.j.i.AbstractJavaProjectConfigurator - Adding resource folder /e-agrarius_web/src/main/resources
2017-04-09 20:21:52,144 [Worker-1] INFO  o.e.m.j.i.AbstractJavaProjectConfigurator - Adding source folder /e-agrarius_web/src/test/java
2017-04-09 20:21:52,967 [Worker-1] INFO  o.e.m.w.i.f.ResourceFilteringBuildParticipant - Cleaning filtered folder for e-agrarius_web
2017-04-09 20:21:53,038 [Worker-1] INFO  o.e.m.c.i.p.ProjectConfigurationManager - Update completed: 2 sec
2017-04-09 20:21:53,772 [Worker-13] INFO  o.e.m.c.i.embedder.EclipseLogger - Using 'UTF-8' encoding to copy filtered resources.
2017-04-09 20:21:53,773 [Worker-13] INFO  o.e.m.c.i.embedder.EclipseLogger - Copying 0 resource
2017-04-09 20:21:53,776 [Worker-13] INFO  o.e.m.c.i.embedder.EclipseLogger - Using 'UTF-8' encoding to copy filtered resources.
2017-04-09 20:21:53,776 [Worker-13] INFO  o.e.m.c.i.embedder.EclipseLogger - skip non existing resourceDirectory C:\Users\thiag\workspace\e-agrarius_web\e-agrarius_web\src\test\resources
2017-04-09 20:21:53,777 [Worker-13] INFO  o.e.m.w.i.f.ResourceFilteringBuildParticipant - Changed resources require a complete clean of filtered resources of e-agrarius_web
2017-04-09 20:21:53,777 [Worker-13] INFO  o.e.m.w.i.f.ResourceFilteringBuildParticipant - Executing resource filtering for e-agrarius_web
2017-04-09 20:21:53,786 [Worker-13] INFO  o.e.m.c.i.embedder.EclipseLogger - Using 'UTF-8' encoding to copy filtered resources.
2017-04-09 20:21:59,744 [Worker-13] INFO  o.e.m.c.i.p.ProjectConfigurationManager - Update started
2017-04-09 20:22:00,326 [Worker-13] INFO  o.e.m.c.i.l.LifecycleMappingFactory - Using org.maven.ide.eclipse.wtp.WarLifecycleMapping lifecycle mapping for MavenProject: com.thiagobrasil.eagrariusweb:e-agrarius_web:0.0.1-SNAPSHOT @ C:\Users\thiag\workspace\e-agrarius_web\e-agrarius_web\pom.xml.
2017-04-09 20:22:01,003 [Worker-13] INFO  o.e.m.j.i.AbstractJavaProjectConfigurator - Adding source folder /e-agrarius_web/src/main/java
2017-04-09 20:22:01,003 [Worker-13] INFO  o.e.m.j.i.AbstractJavaProjectConfigurator - Adding resource folder /e-agrarius_web/src/main/resources
2017-04-09 20:22:01,004 [Worker-13] INFO  o.e.m.j.i.AbstractJavaProjectConfigurator - Adding source folder /e-agrarius_web/src/test/java
2017-04-09 20:22:01,304 [Worker-13] INFO  o.e.m.w.i.f.ResourceFilteringBuildParticipant - Cleaning filtered folder for e-agrarius_web
2017-04-09 20:22:01,381 [Worker-13] INFO  o.e.m.c.i.p.ProjectConfigurationManager - Update completed: 1 sec
2017-04-09 20:22:02,227 [Worker-5] INFO  o.e.m.c.i.embedder.EclipseLogger - Using 'UTF-8' encoding to copy filtered resources.
2017-04-09 20:22:02,228 [Worker-5] INFO  o.e.m.c.i.embedder.EclipseLogger - Copying 0 resource
2017-04-09 20:22:02,231 [Worker-5] INFO  o.e.m.c.i.embedder.EclipseLogger - Using 'UTF-8' encoding to copy filtered resources.
2017-04-09 20:22:02,231 [Worker-5] INFO  o.e.m.c.i.embedder.EclipseLogger - skip non existing resourceDirectory C:\Users\thiag\workspace\e-agrarius_web\e-agrarius_web\src\test\resources
2017-04-09 20:22:02,232 [Worker-5] INFO  o.e.m.w.i.f.ResourceFilteringBuildParticipant - Changed resources require a complete clean of filtered resources of e-agrarius_web
2017-04-09 20:22:02,233 [Worker-5] INFO  o.e.m.w.i.f.ResourceFilteringBuildParticipant - Executing resource filtering for e-agrarius_web
2017-04-09 20:22:02,241 [Worker-5] INFO  o.e.m.c.i.embedder.EclipseLogger - Using 'UTF-8' encoding to copy filtered resources.
2017-04-09 20:22:21,018 [Worker-6] INFO  o.e.m.c.i.embedder.EclipseLogger - Using 'UTF-8' encoding to copy filtered resources.
2017-04-09 20:22:21,025 [Worker-6] INFO  o.e.m.c.i.embedder.EclipseLogger - Copying 0 resource
2017-04-09 20:22:21,027 [Worker-6] INFO  o.e.m.c.i.embedder.EclipseLogger - Using 'UTF-8' encoding to copy filtered resources.
2017-04-09 20:22:21,027 [Worker-6] INFO  o.e.m.c.i.embedder.EclipseLogger - skip non existing resourceDirectory C:\Users\thiag\workspace\e-agrarius_web\e-agrarius_web\src\test\resources
2017-04-09 20:22:25,008 [Worker-5] INFO  o.e.m.c.i.embedder.EclipseLogger - Using 'UTF-8' encoding to copy filtered resources.
2017-04-09 20:22:25,008 [Worker-5] INFO  o.e.m.c.i.embedder.EclipseLogger - Copying 0 resource
2017-04-09 20:22:25,010 [Worker-5] INFO  o.e.m.c.i.embedder.EclipseLogger - Using 'UTF-8' encoding to copy filtered resources.
2017-04-09 20:22:25,010 [Worker-5] INFO  o.e.m.c.i.embedder.EclipseLogger - skip non existing resourceDirectory C:\Users\thiag\workspace\e-agrarius_web\e-agrarius_web\src\test\resources
2017-04-09 20:22:36,096 [Worker-1] INFO  o.e.m.c.i.embedder.EclipseLogger - Using 'UTF-8' encoding to copy filtered resources.
2017-04-09 20:22:36,097 [Worker-1] INFO  o.e.m.c.i.embedder.EclipseLogger - Copying 0 resource
2017-04-09 20:22:36,100 [Worker-1] INFO  o.e.m.c.i.embedder.EclipseLogger - Using 'UTF-8' encoding to copy filtered resources.
2017-04-09 20:22:36,100 [Worker-1] INFO  o.e.m.c.i.embedder.EclipseLogger - skip non existing resourceDirectory C:\Users\thiag\workspace\e-agrarius_web\e-agrarius_web\src\test\resources
2017-04-09 20:22:40,435 [Worker-1] INFO  o.e.m.c.i.embedder.EclipseLogger - Using 'UTF-8' encoding to copy filtered resources.
2017-04-09 20:22:40,436 [Worker-1] INFO  o.e.m.c.i.embedder.EclipseLogger - Copying 0 resource
2017-04-09 20:22:40,438 [Worker-1] INFO  o.e.m.c.i.embedder.EclipseLogger - Using 'UTF-8' encoding to copy filtered resources.
2017-04-09 20:22:40,438 [Worker-1] INFO  o.e.m.c.i.embedder.EclipseLogger - skip non existing resourceDirectory C:\Users\thiag\workspace\e-agrarius_web\e-agrarius_web\src\test\resources
2017-04-09 20:22:48,320 [main] INFO  o.e.m2e.actions.ExecutePomAction - Creating new launch configuration
2017-04-09 20:23:01,913 [Worker-23] INFO  o.e.m.i.launch.MavenLaunchDelegate - C:\Users\thiag\workspace\e-agrarius_web\e-agrarius_web
2017-04-09 20:23:01,914 [Worker-23] INFO  o.e.m.i.launch.MavenLaunchDelegate -  mvn -B clean install
2017-04-09 20:24:44,122 [Worker-3] INFO  o.e.m.c.i.embedder.EclipseLogger - Using 'UTF-8' encoding to copy filtered resources.
2017-04-09 20:24:44,123 [Worker-3] INFO  o.e.m.c.i.embedder.EclipseLogger - Copying 0 resource
2017-04-09 20:24:44,125 [Worker-3] INFO  o.e.m.c.i.embedder.EclipseLogger - Using 'UTF-8' encoding to copy filtered resources.
2017-04-09 20:24:44,126 [Worker-3] INFO  o.e.m.c.i.embedder.EclipseLogger - skip non existing resourceDirectory C:\Users\thiag\workspace\e-agrarius_web\e-agrarius_web\src\test\resources
2017-04-09 20:24:58,625 [Worker-6] INFO  o.e.m.c.i.embedder.EclipseLogger - Using 'UTF-8' encoding to copy filtered resources.
2017-04-09 20:24:58,626 [Worker-6] INFO  o.e.m.c.i.embedder.EclipseLogger - Copying 0 resource
2017-04-09 20:24:58,628 [Worker-6] INFO  o.e.m.c.i.embedder.EclipseLogger - Using 'UTF-8' encoding to copy filtered resources.
2017-04-09 20:24:58,629 [Worker-6] INFO  o.e.m.c.i.embedder.EclipseLogger - skip non existing resourceDirectory C:\Users\thiag\workspace\e-agrarius_web\e-agrarius_web\src\test\resources
2017-04-09 20:25:05,516 [Worker-3] INFO  o.e.m.c.i.embedder.EclipseLogger - Using 'UTF-8' encoding to copy filtered resources.
2017-04-09 20:25:05,517 [Worker-3] INFO  o.e.m.c.i.embedder.EclipseLogger - Copying 0 resource
2017-04-09 20:25:05,519 [Worker-3] INFO  o.e.m.c.i.embedder.EclipseLogger - Using 'UTF-8' encoding to copy filtered resources.
2017-04-09 20:25:05,519 [Worker-3] INFO  o.e.m.c.i.embedder.EclipseLogger - skip non existing resourceDirectory C:\Users\thiag\workspace\e-agrarius_web\e-agrarius_web\src\test\resources
2017-04-09 20:25:08,630 [Worker-23] INFO  o.e.m.c.i.embedder.EclipseLogger - Using 'UTF-8' encoding to copy filtered resources.
2017-04-09 20:25:08,630 [Worker-23] INFO  o.e.m.c.i.embedder.EclipseLogger - Copying 0 resource
2017-04-09 20:25:08,632 [Worker-23] INFO  o.e.m.c.i.embedder.EclipseLogger - Using 'UTF-8' encoding to copy filtered resources.
2017-04-09 20:25:08,632 [Worker-23] INFO  o.e.m.c.i.embedder.EclipseLogger - skip non existing resourceDirectory C:\Users\thiag\workspace\e-agrarius_web\e-agrarius_web\src\test\resources
2017-04-09 20:25:15,863 [main] INFO  o.e.m2e.actions.ExecutePomAction - Creating new launch configuration
2017-04-09 20:25:23,966 [Worker-1] INFO  o.e.m.i.launch.MavenLaunchDelegate - C:\Users\thiag\workspace\e-agrarius_web\e-agrarius_web
2017-04-09 20:25:23,966 [Worker-1] INFO  o.e.m.i.launch.MavenLaunchDelegate -  mvn -B clean install
2017-04-09 20:25:43,618 [Worker-19] INFO  o.e.m.c.i.embedder.EclipseLogger - Using 'UTF-8' encoding to copy filtered resources.
2017-04-09 20:25:43,621 [Worker-19] INFO  o.e.m.c.i.embedder.EclipseLogger - Copying 0 resource
2017-04-09 20:25:43,622 [Worker-19] INFO  o.e.m.c.i.embedder.EclipseLogger - Using 'UTF-8' encoding to copy filtered resources.
2017-04-09 20:25:43,623 [Worker-19] INFO  o.e.m.c.i.embedder.EclipseLogger - skip non existing resourceDirectory C:\Users\thiag\workspace\e-agrarius_web\e-agrarius_web\src\test\resources
2017-04-09 20:27:53,384 [Worker-20] INFO  o.e.m.c.i.embedder.EclipseLogger - Using 'UTF-8' encoding to copy filtered resources.
2017-04-09 20:27:53,385 [Worker-20] INFO  o.e.m.c.i.embedder.EclipseLogger - Copying 0 resource
2017-04-09 20:27:53,387 [Worker-20] INFO  o.e.m.c.i.embedder.EclipseLogger - Using 'UTF-8' encoding to copy filtered resources.
2017-04-09 20:27:53,388 [Worker-20] INFO  o.e.m.c.i.embedder.EclipseLogger - skip non existing resourceDirectory C:\Users\thiag\workspace\e-agrarius_web\e-agrarius_web\src\test\resources
2017-04-09 20:28:00,124 [Worker-24] INFO  o.e.m.c.i.embedder.EclipseLogger - Using 'UTF-8' encoding to copy filtered resources.
2017-04-09 20:28:00,125 [Worker-24] INFO  o.e.m.c.i.embedder.EclipseLogger - Copying 0 resource
2017-04-09 20:28:00,127 [Worker-24] INFO  o.e.m.c.i.embedder.EclipseLogger - Using 'UTF-8' encoding to copy filtered resources.
2017-04-09 20:28:00,127 [Worker-24] INFO  o.e.m.c.i.embedder.EclipseLogger - skip non existing resourceDirectory C:\Users\thiag\workspace\e-agrarius_web\e-agrarius_web\src\test\resources
2017-04-09 20:28:06,875 [Worker-13] INFO  o.e.m.c.i.embedder.EclipseLogger - Using 'UTF-8' encoding to copy filtered resources.
2017-04-09 20:28:06,875 [Worker-13] INFO  o.e.m.c.i.embedder.EclipseLogger - Copying 0 resource
2017-04-09 20:28:06,877 [Worker-13] INFO  o.e.m.c.i.embedder.EclipseLogger - Using 'UTF-8' encoding to copy filtered resources.
2017-04-09 20:28:06,877 [Worker-13] INFO  o.e.m.c.i.embedder.EclipseLogger - skip non existing resourceDirectory C:\Users\thiag\workspace\e-agrarius_web\e-agrarius_web\src\test\resources
2017-04-09 20:29:13,239 [Worker-19] INFO  o.e.m.c.i.embedder.EclipseLogger - Using 'UTF-8' encoding to copy filtered resources.
2017-04-09 20:29:13,239 [Worker-19] INFO  o.e.m.c.i.embedder.EclipseLogger - Copying 0 resource
2017-04-09 20:29:13,241 [Worker-19] INFO  o.e.m.c.i.embedder.EclipseLogger - Using 'UTF-8' encoding to copy filtered resources.
2017-04-09 20:29:13,241 [Worker-19] INFO  o.e.m.c.i.embedder.EclipseLogger - skip non existing resourceDirectory C:\Users\thiag\workspace\e-agrarius_web\e-agrarius_web\src\test\resources
2017-04-09 20:30:26,657 [Worker-21] INFO  o.e.m.c.i.embedder.EclipseLogger - Using 'UTF-8' encoding to copy filtered resources.
2017-04-09 20:30:26,658 [Worker-21] INFO  o.e.m.c.i.embedder.EclipseLogger - Copying 0 resource
2017-04-09 20:30:26,660 [Worker-21] INFO  o.e.m.c.i.embedder.EclipseLogger - Using 'UTF-8' encoding to copy filtered resources.
2017-04-09 20:30:26,661 [Worker-21] INFO  o.e.m.c.i.embedder.EclipseLogger - skip non existing resourceDirectory C:\Users\thiag\workspace\e-agrarius_web\e-agrarius_web\src\test\resources
2017-04-09 20:31:18,146 [Worker-25] INFO  o.e.m.c.i.l.LifecycleMappingFactory - Using org.maven.ide.eclipse.wtp.WarLifecycleMapping lifecycle mapping for MavenProject: com.thiagobrasil.eagrariusweb:e-agrarius_web:0.0.1-SNAPSHOT @ C:\Users\thiag\workspace\e-agrarius_web\e-agrarius_web\pom.xml.
2017-04-09 20:31:19,412 [Worker-25] INFO  o.e.m.c.i.embedder.EclipseLogger - Using 'UTF-8' encoding to copy filtered resources.
2017-04-09 20:31:19,416 [Worker-25] INFO  o.e.m.c.i.embedder.EclipseLogger - Copying 0 resource
2017-04-09 20:31:19,420 [Worker-25] INFO  o.e.m.c.i.embedder.EclipseLogger - Using 'UTF-8' encoding to copy filtered resources.
2017-04-09 20:31:19,420 [Worker-25] INFO  o.e.m.c.i.embedder.EclipseLogger - skip non existing resourceDirectory C:\Users\thiag\workspace\e-agrarius_web\e-agrarius_web\src\test\resources
2017-04-09 20:31:19,421 [Worker-25] INFO  o.e.m.w.i.f.ResourceFilteringBuildParticipant - Changed resources require a complete clean of filtered resources of e-agrarius_web
2017-04-09 20:31:19,421 [Worker-25] INFO  o.e.m.w.i.f.ResourceFilteringBuildParticipant - Executing resource filtering for e-agrarius_web
2017-04-09 20:31:19,427 [Worker-25] INFO  o.e.m.c.i.embedder.EclipseLogger - Using 'UTF-8' encoding to copy filtered resources.
2017-04-09 20:32:44,682 [Worker-21] INFO  o.e.m.c.i.embedder.EclipseLogger - Using 'UTF-8' encoding to copy filtered resources.
2017-04-09 20:32:44,685 [Worker-21] INFO  o.e.m.c.i.embedder.EclipseLogger - Copying 0 resource
2017-04-09 20:32:44,688 [Worker-21] INFO  o.e.m.c.i.embedder.EclipseLogger - Using 'UTF-8' encoding to copy filtered resources.
2017-04-09 20:32:44,689 [Worker-21] INFO  o.e.m.c.i.embedder.EclipseLogger - skip non existing resourceDirectory C:\Users\thiag\workspace\e-agrarius_web\e-agrarius_web\src\test\resources
2017-04-09 20:33:07,888 [Worker-26] INFO  o.e.m.c.i.embedder.EclipseLogger - Using 'UTF-8' encoding to copy filtered resources.
2017-04-09 20:33:07,888 [Worker-26] INFO  o.e.m.c.i.embedder.EclipseLogger - Copying 0 resource
2017-04-09 20:33:07,891 [Worker-26] INFO  o.e.m.c.i.embedder.EclipseLogger - Using 'UTF-8' encoding to copy filtered resources.
2017-04-09 20:33:07,892 [Worker-26] INFO  o.e.m.c.i.embedder.EclipseLogger - skip non existing resourceDirectory C:\Users\thiag\workspace\e-agrarius_web\e-agrarius_web\src\test\resources
2017-04-09 20:33:11,030 [Worker-25] INFO  o.e.m.c.i.embedder.EclipseLogger - Using 'UTF-8' encoding to copy filtered resources.
2017-04-09 20:33:11,030 [Worker-25] INFO  o.e.m.c.i.embedder.EclipseLogger - Copying 0 resource
2017-04-09 20:33:11,032 [Worker-25] INFO  o.e.m.c.i.embedder.EclipseLogger - Using 'UTF-8' encoding to copy filtered resources.
2017-04-09 20:33:11,032 [Worker-25] INFO  o.e.m.c.i.embedder.EclipseLogger - skip non existing resourceDirectory C:\Users\thiag\workspace\e-agrarius_web\e-agrarius_web\src\test\resources
2017-04-09 20:33:17,414 [Worker-1] INFO  o.e.m.c.i.p.ProjectConfigurationManager - Update started
2017-04-09 20:33:18,024 [Worker-1] INFO  o.e.m.c.i.l.LifecycleMappingFactory - Using org.maven.ide.eclipse.wtp.WarLifecycleMapping lifecycle mapping for MavenProject: com.thiagobrasil.eagrariusweb:e-agrarius_web:0.0.1-SNAPSHOT @ C:\Users\thiag\workspace\e-agrarius_web\e-agrarius_web\pom.xml.
2017-04-09 20:33:19,046 [Worker-1] INFO  o.e.m.j.i.AbstractJavaProjectConfigurator - Adding source folder /e-agrarius_web/src/main/java
2017-04-09 20:33:19,046 [Worker-1] INFO  o.e.m.j.i.AbstractJavaProjectConfigurator - Adding resource folder /e-agrarius_web/src/main/resources
2017-04-09 20:33:19,047 [Worker-1] INFO  o.e.m.j.i.AbstractJavaProjectConfigurator - Adding source folder /e-agrarius_web/src/test/java
2017-04-09 20:33:19,740 [Worker-1] INFO  o.e.m.w.i.f.ResourceFilteringBuildParticipant - Cleaning filtered folder for e-agrarius_web
2017-04-09 20:33:19,758 [Worker-1] INFO  o.e.m.c.i.p.ProjectConfigurationManager - Update completed: 2 sec
2017-04-09 20:33:20,492 [Worker-1] INFO  o.e.m.c.i.embedder.EclipseLogger - Using 'UTF-8' encoding to copy filtered resources.
2017-04-09 20:33:20,493 [Worker-1] INFO  o.e.m.c.i.embedder.EclipseLogger - Copying 0 resource
2017-04-09 20:33:20,496 [Worker-1] INFO  o.e.m.c.i.embedder.EclipseLogger - Using 'UTF-8' encoding to copy filtered resources.
2017-04-09 20:33:20,497 [Worker-1] INFO  o.e.m.c.i.embedder.EclipseLogger - skip non existing resourceDirectory C:\Users\thiag\workspace\e-agrarius_web\e-agrarius_web\src\test\resources
2017-04-09 20:33:20,497 [Worker-1] INFO  o.e.m.w.i.f.ResourceFilteringBuildParticipant - Changed resources require a complete clean of filtered resources of e-agrarius_web
2017-04-09 20:33:20,497 [Worker-1] INFO  o.e.m.w.i.f.ResourceFilteringBuildParticipant - Executing resource filtering for e-agrarius_web
2017-04-09 20:33:20,504 [Worker-1] INFO  o.e.m.c.i.embedder.EclipseLogger - Using 'UTF-8' encoding to copy filtered resources.
2017-04-09 20:33:41,245 [Worker-25] INFO  o.e.m.c.i.embedder.EclipseLogger - Using 'UTF-8' encoding to copy filtered resources.
2017-04-09 20:33:41,248 [Worker-25] INFO  o.e.m.c.i.embedder.EclipseLogger - Copying 0 resource
2017-04-09 20:33:41,251 [Worker-25] INFO  o.e.m.c.i.embedder.EclipseLogger - Using 'UTF-8' encoding to copy filtered resources.
2017-04-09 20:33:41,251 [Worker-25] INFO  o.e.m.c.i.embedder.EclipseLogger - skip non existing resourceDirectory C:\Users\thiag\workspace\e-agrarius_web\e-agrarius_web\src\test\resources
2017-04-09 20:33:50,090 [Worker-1] INFO  o.e.m.c.i.embedder.EclipseLogger - Using 'UTF-8' encoding to copy filtered resources.
2017-04-09 20:33:50,090 [Worker-1] INFO  o.e.m.c.i.embedder.EclipseLogger - Copying 0 resource
2017-04-09 20:33:50,092 [Worker-1] INFO  o.e.m.c.i.embedder.EclipseLogger - Using 'UTF-8' encoding to copy filtered resources.
2017-04-09 20:33:50,093 [Worker-1] INFO  o.e.m.c.i.embedder.EclipseLogger - skip non existing resourceDirectory C:\Users\thiag\workspace\e-agrarius_web\e-agrarius_web\src\test\resources
2017-04-09 20:33:53,335 [Worker-28] INFO  o.e.m.c.i.embedder.EclipseLogger - Using 'UTF-8' encoding to copy filtered resources.
2017-04-09 20:33:53,335 [Worker-28] INFO  o.e.m.c.i.embedder.EclipseLogger - Copying 0 resource
2017-04-09 20:33:53,337 [Worker-28] INFO  o.e.m.c.i.embedder.EclipseLogger - Using 'UTF-8' encoding to copy filtered resources.
2017-04-09 20:33:53,337 [Worker-28] INFO  o.e.m.c.i.embedder.EclipseLogger - skip non existing resourceDirectory C:\Users\thiag\workspace\e-agrarius_web\e-agrarius_web\src\test\resources
2017-04-09 20:33:58,599 [Worker-23] INFO  o.e.m.c.i.p.ProjectConfigurationManager - Update started
2017-04-09 20:33:59,094 [Worker-23] INFO  o.e.m.c.i.l.LifecycleMappingFactory - Using org.maven.ide.eclipse.wtp.WarLifecycleMapping lifecycle mapping for MavenProject: com.thiagobrasil.eagrariusweb:e-agrarius_web:0.0.1-SNAPSHOT @ C:\Users\thiag\workspace\e-agrarius_web\e-agrarius_web\pom.xml.
2017-04-09 20:33:59,765 [Worker-23] INFO  o.e.m.j.i.AbstractJavaProjectConfigurator - Adding source folder /e-agrarius_web/src/main/java
2017-04-09 20:33:59,765 [Worker-23] INFO  o.e.m.j.i.AbstractJavaProjectConfigurator - Adding resource folder /e-agrarius_web/src/main/resources
2017-04-09 20:33:59,766 [Worker-23] INFO  o.e.m.j.i.AbstractJavaProjectConfigurator - Adding source folder /e-agrarius_web/src/test/java
2017-04-09 20:34:00,160 [Worker-23] INFO  o.e.m.w.i.f.ResourceFilteringBuildParticipant - Cleaning filtered folder for e-agrarius_web
2017-04-09 20:34:00,232 [Worker-23] INFO  o.e.m.c.i.p.ProjectConfigurationManager - Update completed: 1 sec
2017-04-09 20:34:00,871 [Worker-26] INFO  o.e.m.c.i.embedder.EclipseLogger - Using 'UTF-8' encoding to copy filtered resources.
2017-04-09 20:34:00,872 [Worker-26] INFO  o.e.m.c.i.embedder.EclipseLogger - Copying 0 resource
2017-04-09 20:34:00,875 [Worker-26] INFO  o.e.m.c.i.embedder.EclipseLogger - Using 'UTF-8' encoding to copy filtered resources.
2017-04-09 20:34:00,876 [Worker-26] INFO  o.e.m.c.i.embedder.EclipseLogger - skip non existing resourceDirectory C:\Users\thiag\workspace\e-agrarius_web\e-agrarius_web\src\test\resources
2017-04-09 20:34:00,876 [Worker-26] INFO  o.e.m.w.i.f.ResourceFilteringBuildParticipant - Changed resources require a complete clean of filtered resources of e-agrarius_web
2017-04-09 20:34:00,876 [Worker-26] INFO  o.e.m.w.i.f.ResourceFilteringBuildParticipant - Executing resource filtering for e-agrarius_web
2017-04-09 20:34:00,883 [Worker-26] INFO  o.e.m.c.i.embedder.EclipseLogger - Using 'UTF-8' encoding to copy filtered resources.
2017-04-09 20:37:58,093 [Worker-30] INFO  o.e.m.c.i.embedder.EclipseLogger - Using 'UTF-8' encoding to copy filtered resources.
2017-04-09 20:37:58,129 [Worker-30] INFO  o.e.m.c.i.embedder.EclipseLogger - Copying 0 resource
2017-04-09 20:37:58,132 [Worker-30] INFO  o.e.m.c.i.embedder.EclipseLogger - Using 'UTF-8' encoding to copy filtered resources.
2017-04-09 20:37:58,132 [Worker-30] INFO  o.e.m.c.i.embedder.EclipseLogger - skip non existing resourceDirectory C:\Users\thiag\workspace\e-agrarius_web\e-agrarius_web\src\test\resources
2017-04-09 20:38:18,445 [Worker-31] INFO  o.e.m.c.i.embedder.EclipseLogger - Using 'UTF-8' encoding to copy filtered resources.
2017-04-09 20:38:18,446 [Worker-31] INFO  o.e.m.c.i.embedder.EclipseLogger - Copying 0 resource
2017-04-09 20:38:18,451 [Worker-31] INFO  o.e.m.c.i.embedder.EclipseLogger - Using 'UTF-8' encoding to copy filtered resources.
2017-04-09 20:38:18,451 [Worker-31] INFO  o.e.m.c.i.embedder.EclipseLogger - skip non existing resourceDirectory C:\Users\thiag\workspace\e-agrarius_web\e-agrarius_web\src\test\resources
2017-04-09 20:38:27,597 [Worker-32] INFO  o.e.m.c.i.embedder.EclipseLogger - Using 'UTF-8' encoding to copy filtered resources.
2017-04-09 20:38:27,598 [Worker-32] INFO  o.e.m.c.i.embedder.EclipseLogger - Copying 0 resource
2017-04-09 20:38:27,601 [Worker-32] INFO  o.e.m.c.i.embedder.EclipseLogger - Using 'UTF-8' encoding to copy filtered resources.
2017-04-09 20:38:27,601 [Worker-32] INFO  o.e.m.c.i.embedder.EclipseLogger - skip non existing resourceDirectory C:\Users\thiag\workspace\e-agrarius_web\e-agrarius_web\src\test\resources
2017-04-09 20:38:35,023 [main] INFO  o.e.m2e.actions.ExecutePomAction - Creating new launch configuration
2017-04-09 20:38:40,849 [Worker-30] INFO  o.e.m.i.launch.MavenLaunchDelegate - C:\Users\thiag\workspace\e-agrarius_web\e-agrarius_web
2017-04-09 20:38:40,849 [Worker-30] INFO  o.e.m.i.launch.MavenLaunchDelegate -  mvn -B clean install
2017-04-09 20:40:57,536 [Worker-29] INFO  o.e.m.c.i.embedder.EclipseLogger - Using 'UTF-8' encoding to copy filtered resources.
2017-04-09 20:40:57,539 [Worker-29] INFO  o.e.m.c.i.embedder.EclipseLogger - Copying 0 resource
2017-04-09 20:40:57,542 [Worker-29] INFO  o.e.m.c.i.embedder.EclipseLogger - Using 'UTF-8' encoding to copy filtered resources.
2017-04-09 20:40:57,543 [Worker-29] INFO  o.e.m.c.i.embedder.EclipseLogger - skip non existing resourceDirectory C:\Users\thiag\workspace\e-agrarius_web\e-agrarius_web\src\test\resources
2017-04-09 20:41:08,115 [Worker-29] INFO  o.e.m.c.i.embedder.EclipseLogger - Using 'UTF-8' encoding to copy filtered resources.
2017-04-09 20:41:08,116 [Worker-29] INFO  o.e.m.c.i.embedder.EclipseLogger - Copying 0 resource
2017-04-09 20:41:08,118 [Worker-29] INFO  o.e.m.c.i.embedder.EclipseLogger - Using 'UTF-8' encoding to copy filtered resources.
2017-04-09 20:41:08,119 [Worker-29] INFO  o.e.m.c.i.embedder.EclipseLogger - skip non existing resourceDirectory C:\Users\thiag\workspace\e-agrarius_web\e-agrarius_web\src\test\resources
2017-04-09 20:41:11,419 [Worker-34] INFO  o.e.m.c.i.embedder.EclipseLogger - Using 'UTF-8' encoding to copy filtered resources.
2017-04-09 20:41:11,420 [Worker-34] INFO  o.e.m.c.i.embedder.EclipseLogger - Copying 0 resource
2017-04-09 20:41:11,422 [Worker-34] INFO  o.e.m.c.i.embedder.EclipseLogger - Using 'UTF-8' encoding to copy filtered resources.
2017-04-09 20:41:11,422 [Worker-34] INFO  o.e.m.c.i.embedder.EclipseLogger - skip non existing resourceDirectory C:\Users\thiag\workspace\e-agrarius_web\e-agrarius_web\src\test\resources
2017-04-09 20:41:17,235 [Worker-35] INFO  o.e.m.c.i.embedder.EclipseLogger - Using 'UTF-8' encoding to copy filtered resources.
2017-04-09 20:41:17,236 [Worker-35] INFO  o.e.m.c.i.embedder.EclipseLogger - Copying 0 resource
2017-04-09 20:41:17,239 [Worker-35] INFO  o.e.m.c.i.embedder.EclipseLogger - Using 'UTF-8' encoding to copy filtered resources.
2017-04-09 20:41:17,240 [Worker-35] INFO  o.e.m.c.i.embedder.EclipseLogger - skip non existing resourceDirectory C:\Users\thiag\workspace\e-agrarius_web\e-agrarius_web\src\test\resources
2017-04-09 20:41:50,368 [Worker-31] INFO  o.e.m.c.i.embedder.EclipseLogger - Using 'UTF-8' encoding to copy filtered resources.
2017-04-09 20:41:50,369 [Worker-31] INFO  o.e.m.c.i.embedder.EclipseLogger - Copying 0 resource
2017-04-09 20:41:50,371 [Worker-31] INFO  o.e.m.c.i.embedder.EclipseLogger - Using 'UTF-8' encoding to copy filtered resources.
2017-04-09 20:41:50,371 [Worker-31] INFO  o.e.m.c.i.embedder.EclipseLogger - skip non existing resourceDirectory C:\Users\thiag\workspace\e-agrarius_web\e-agrarius_web\src\test\resources
2017-04-09 20:42:41,289 [main] INFO  o.e.m2e.actions.ExecutePomAction - Creating new launch configuration
2017-04-09 20:42:47,497 [Worker-29] INFO  o.e.m.i.launch.MavenLaunchDelegate - C:\Users\thiag\workspace\e-agrarius_web\e-agrarius_web
2017-04-09 20:42:47,497 [Worker-29] INFO  o.e.m.i.launch.MavenLaunchDelegate -  mvn -B clean install
2017-04-09 20:45:47,189 [Worker-29] INFO  o.e.m.c.i.embedder.EclipseLogger - Using 'UTF-8' encoding to copy filtered resources.
2017-04-09 20:45:47,191 [Worker-29] INFO  o.e.m.c.i.embedder.EclipseLogger - Copying 0 resource
2017-04-09 20:45:47,194 [Worker-29] INFO  o.e.m.c.i.embedder.EclipseLogger - Using 'UTF-8' encoding to copy filtered resources.
2017-04-09 20:45:47,194 [Worker-29] INFO  o.e.m.c.i.embedder.EclipseLogger - skip non existing resourceDirectory C:\Users\thiag\workspace\e-agrarius_web\e-agrarius_web\src\test\resources
2017-04-09 20:46:12,300 [Worker-35] INFO  o.e.m.c.i.embedder.EclipseLogger - Using 'UTF-8' encoding to copy filtered resources.
2017-04-09 20:46:12,301 [Worker-35] INFO  o.e.m.c.i.embedder.EclipseLogger - Copying 0 resource
2017-04-09 20:46:12,303 [Worker-35] INFO  o.e.m.c.i.embedder.EclipseLogger - Using 'UTF-8' encoding to copy filtered resources.
2017-04-09 20:46:12,303 [Worker-35] INFO  o.e.m.c.i.embedder.EclipseLogger - skip non existing resourceDirectory C:\Users\thiag\workspace\e-agrarius_web\e-agrarius_web\src\test\resources
2017-04-09 20:46:14,625 [Worker-33] INFO  o.e.m.c.i.embedder.EclipseLogger - Using 'UTF-8' encoding to copy filtered resources.
2017-04-09 20:46:14,626 [Worker-33] INFO  o.e.m.c.i.embedder.EclipseLogger - Copying 0 resource
2017-04-09 20:46:14,628 [Worker-33] INFO  o.e.m.c.i.embedder.EclipseLogger - Using 'UTF-8' encoding to copy filtered resources.
2017-04-09 20:46:14,628 [Worker-33] INFO  o.e.m.c.i.embedder.EclipseLogger - skip non existing resourceDirectory C:\Users\thiag\workspace\e-agrarius_web\e-agrarius_web\src\test\resources
2017-04-09 20:46:43,436 [Worker-36] INFO  o.e.m.c.i.e.AbstractTransferListenerAdapter - Downloaded http://download.java.net/maven/2/com/sun/jersey/jersey-server/1.9/jersey-server-1.9-sources.jar
2017-04-09 20:46:44,917 [Worker-36] INFO  o.e.m.c.i.e.AbstractTransferListenerAdapter - Downloading https://repo.maven.apache.org/maven2/com/sun/jersey/jersey-server/1.9/jersey-server-1.9-sources.jar
2017-04-09 20:46:46,264 [Worker-36] INFO  o.e.m.c.i.e.AbstractTransferListenerAdapter - Downloaded https://repo.maven.apache.org/maven2/com/sun/jersey/jersey-server/1.9/jersey-server-1.9-sources.jar
2017-04-09 20:46:46,380 [Worker-36] INFO  o.e.m.j.internal.DownloadSourcesJob - Downloaded sources for com.sun.jersey:jersey-server:1.9
2017-04-09 20:46:46,927 [Worker-35] INFO  o.e.m.c.i.embedder.EclipseLogger - Using 'UTF-8' encoding to copy filtered resources.
2017-04-09 20:46:46,928 [Worker-35] INFO  o.e.m.c.i.embedder.EclipseLogger - Copying 0 resource
2017-04-09 20:46:46,931 [Worker-35] INFO  o.e.m.c.i.embedder.EclipseLogger - Using 'UTF-8' encoding to copy filtered resources.
2017-04-09 20:46:46,932 [Worker-35] INFO  o.e.m.c.i.embedder.EclipseLogger - skip non existing resourceDirectory C:\Users\thiag\workspace\e-agrarius_web\e-agrarius_web\src\test\resources
2017-04-09 20:46:47,804 [Worker-3] INFO  o.e.m.j.internal.DownloadSourcesJob - Downloaded sources for com.sun.jersey:jersey-server:1.9
2017-04-09 20:46:48,168 [Worker-29] INFO  o.e.m.c.i.embedder.EclipseLogger - Using 'UTF-8' encoding to copy filtered resources.
2017-04-09 20:46:48,168 [Worker-29] INFO  o.e.m.c.i.embedder.EclipseLogger - Copying 0 resource
2017-04-09 20:46:48,170 [Worker-29] INFO  o.e.m.c.i.embedder.EclipseLogger - Using 'UTF-8' encoding to copy filtered resources.
2017-04-09 20:46:48,171 [Worker-29] INFO  o.e.m.c.i.embedder.EclipseLogger - skip non existing resourceDirectory C:\Users\thiag\workspace\e-agrarius_web\e-agrarius_web\src\test\resources
2017-04-09 20:46:58,359 [Worker-3] INFO  o.e.m.c.i.p.ProjectConfigurationManager - Update started
2017-04-09 20:46:59,273 [Worker-3] INFO  o.e.m.c.i.l.LifecycleMappingFactory - Using org.maven.ide.eclipse.wtp.WarLifecycleMapping lifecycle mapping for MavenProject: com.thiagobrasil.eagrariusweb:e-agrarius_web:0.0.1-SNAPSHOT @ C:\Users\thiag\workspace\e-agrarius_web\e-agrarius_web\pom.xml.
2017-04-09 20:47:00,270 [Worker-3] INFO  o.e.m.j.i.AbstractJavaProjectConfigurator - Adding source folder /e-agrarius_web/src/main/java
2017-04-09 20:47:00,270 [Worker-3] INFO  o.e.m.j.i.AbstractJavaProjectConfigurator - Adding resource folder /e-agrarius_web/src/main/resources
2017-04-09 20:47:00,273 [Worker-3] INFO  o.e.m.j.i.AbstractJavaProjectConfigurator - Adding source folder /e-agrarius_web/src/test/java
2017-04-09 20:47:01,141 [Worker-3] INFO  o.e.m.w.i.f.ResourceFilteringBuildParticipant - Cleaning filtered folder for e-agrarius_web
2017-04-09 20:47:01,177 [Worker-3] INFO  o.e.m.c.i.p.ProjectConfigurationManager - Update completed: 2 sec
2017-04-09 20:47:01,758 [Worker-32] INFO  o.e.m.c.i.embedder.EclipseLogger - Using 'UTF-8' encoding to copy filtered resources.
2017-04-09 20:47:01,760 [Worker-32] INFO  o.e.m.c.i.embedder.EclipseLogger - Copying 0 resource
2017-04-09 20:47:01,763 [Worker-32] INFO  o.e.m.c.i.embedder.EclipseLogger - Using 'UTF-8' encoding to copy filtered resources.
2017-04-09 20:47:01,763 [Worker-32] INFO  o.e.m.c.i.embedder.EclipseLogger - skip non existing resourceDirectory C:\Users\thiag\workspace\e-agrarius_web\e-agrarius_web\src\test\resources
2017-04-09 20:47:01,764 [Worker-32] INFO  o.e.m.w.i.f.ResourceFilteringBuildParticipant - Changed resources require a complete clean of filtered resources of e-agrarius_web
2017-04-09 20:47:01,764 [Worker-32] INFO  o.e.m.w.i.f.ResourceFilteringBuildParticipant - Executing resource filtering for e-agrarius_web
2017-04-09 20:47:01,774 [Worker-32] INFO  o.e.m.c.i.embedder.EclipseLogger - Using 'UTF-8' encoding to copy filtered resources.
2017-04-09 20:47:21,970 [Worker-29] INFO  o.e.m.c.i.embedder.EclipseLogger - Using 'UTF-8' encoding to copy filtered resources.
2017-04-09 20:47:21,975 [Worker-29] INFO  o.e.m.c.i.embedder.EclipseLogger - Copying 0 resource
2017-04-09 20:47:21,978 [Worker-29] INFO  o.e.m.c.i.embedder.EclipseLogger - Using 'UTF-8' encoding to copy filtered resources.
2017-04-09 20:47:21,979 [Worker-29] INFO  o.e.m.c.i.embedder.EclipseLogger - skip non existing resourceDirectory C:\Users\thiag\workspace\e-agrarius_web\e-agrarius_web\src\test\resources
2017-04-09 20:47:26,981 [Worker-3] INFO  o.e.m.c.i.embedder.EclipseLogger - Using 'UTF-8' encoding to copy filtered resources.
2017-04-09 20:47:26,982 [Worker-3] INFO  o.e.m.c.i.embedder.EclipseLogger - Copying 0 resource
2017-04-09 20:47:26,984 [Worker-3] INFO  o.e.m.c.i.embedder.EclipseLogger - Using 'UTF-8' encoding to copy filtered resources.
2017-04-09 20:47:26,984 [Worker-3] INFO  o.e.m.c.i.embedder.EclipseLogger - skip non existing resourceDirectory C:\Users\thiag\workspace\e-agrarius_web\e-agrarius_web\src\test\resources
2017-04-09 20:47:32,320 [Worker-3] INFO  o.e.m.c.i.embedder.EclipseLogger - Using 'UTF-8' encoding to copy filtered resources.
2017-04-09 20:47:32,322 [Worker-3] INFO  o.e.m.c.i.embedder.EclipseLogger - Copying 0 resource
2017-04-09 20:47:32,324 [Worker-3] INFO  o.e.m.c.i.embedder.EclipseLogger - Using 'UTF-8' encoding to copy filtered resources.
2017-04-09 20:47:32,324 [Worker-3] INFO  o.e.m.c.i.embedder.EclipseLogger - skip non existing resourceDirectory C:\Users\thiag\workspace\e-agrarius_web\e-agrarius_web\src\test\resources
2017-04-09 20:47:36,960 [Worker-36] INFO  o.e.m.c.i.embedder.EclipseLogger - Using 'UTF-8' encoding to copy filtered resources.
2017-04-09 20:47:36,962 [Worker-36] INFO  o.e.m.c.i.embedder.EclipseLogger - Copying 0 resource
2017-04-09 20:47:36,963 [Worker-36] INFO  o.e.m.c.i.embedder.EclipseLogger - Using 'UTF-8' encoding to copy filtered resources.
2017-04-09 20:47:36,964 [Worker-36] INFO  o.e.m.c.i.embedder.EclipseLogger - skip non existing resourceDirectory C:\Users\thiag\workspace\e-agrarius_web\e-agrarius_web\src\test\resources
2017-04-09 20:47:45,301 [main] INFO  o.e.m2e.actions.ExecutePomAction - Creating new launch configuration
2017-04-09 20:47:48,416 [Worker-36] INFO  o.e.m.i.launch.MavenLaunchDelegate - C:\Users\thiag\workspace\e-agrarius_web\e-agrarius_web
2017-04-09 20:47:48,417 [Worker-36] INFO  o.e.m.i.launch.MavenLaunchDelegate -  mvn -B clean install
2017-04-09 20:51:21,573 [Worker-31] INFO  o.e.m.c.i.embedder.EclipseLogger - Using 'UTF-8' encoding to copy filtered resources.
2017-04-09 20:51:21,573 [Worker-31] INFO  o.e.m.c.i.embedder.EclipseLogger - Copying 0 resource
2017-04-09 20:51:21,575 [Worker-31] INFO  o.e.m.c.i.embedder.EclipseLogger - Using 'UTF-8' encoding to copy filtered resources.
2017-04-09 20:51:21,575 [Worker-31] INFO  o.e.m.c.i.embedder.EclipseLogger - skip non existing resourceDirectory C:\Users\thiag\workspace\e-agrarius_web\e-agrarius_web\src\test\resources
2017-04-09 20:51:32,762 [Worker-36] INFO  o.e.m.c.i.embedder.EclipseLogger - Using 'UTF-8' encoding to copy filtered resources.
2017-04-09 20:51:32,763 [Worker-36] INFO  o.e.m.c.i.embedder.EclipseLogger - Copying 0 resource
2017-04-09 20:51:32,766 [Worker-36] INFO  o.e.m.c.i.embedder.EclipseLogger - Using 'UTF-8' encoding to copy filtered resources.
2017-04-09 20:51:32,766 [Worker-36] INFO  o.e.m.c.i.embedder.EclipseLogger - skip non existing resourceDirectory C:\Users\thiag\workspace\e-agrarius_web\e-agrarius_web\src\test\resources
2017-04-09 20:51:43,156 [Worker-37] INFO  o.e.m.c.i.embedder.EclipseLogger - Using 'UTF-8' encoding to copy filtered resources.
2017-04-09 20:51:43,157 [Worker-37] INFO  o.e.m.c.i.embedder.EclipseLogger - Copying 0 resource
2017-04-09 20:51:43,161 [Worker-37] INFO  o.e.m.c.i.embedder.EclipseLogger - Using 'UTF-8' encoding to copy filtered resources.
2017-04-09 20:51:43,161 [Worker-37] INFO  o.e.m.c.i.embedder.EclipseLogger - skip non existing resourceDirectory C:\Users\thiag\workspace\e-agrarius_web\e-agrarius_web\src\test\resources
2017-04-09 20:52:27,476 [Worker-33] INFO  o.e.m.c.i.embedder.EclipseLogger - Using 'UTF-8' encoding to copy filtered resources.
2017-04-09 20:52:27,477 [Worker-33] INFO  o.e.m.c.i.embedder.EclipseLogger - Copying 0 resource
2017-04-09 20:52:27,479 [Worker-33] INFO  o.e.m.c.i.embedder.EclipseLogger - Using 'UTF-8' encoding to copy filtered resources.
2017-04-09 20:52:27,480 [Worker-33] INFO  o.e.m.c.i.embedder.EclipseLogger - skip non existing resourceDirectory C:\Users\thiag\workspace\e-agrarius_web\e-agrarius_web\src\test\resources
